# JRE version: Java(TM) SE Runtime Environment (22.0.2+9) (build 22.0.2+9-70)
# Java VM: Java HotSpot(TM) 64-Bit Server VM (22.0.2+9-70, mixed mode, emulated-client, sharing, tiered, compressed oops, compressed class ptrs, g1 gc, windows-amd64)
GC Precious Log:
 CardTable entry size: 512
 Card Set container configuration: InlinePtr #cards 5 size 8 Array Of Cards #cards 12 size 40 Howl #buckets 4 coarsen threshold 1843 Howl Bitmap #cards 512 size 80 coarsen threshold 460 Card regions per heap region 1 cards per card region 2048
 CPUs: 8 total, 8 available
 Memory: 16263M
 Large Page Support: Disabled
 NUMA Support: Disabled
 Compressed Oops: Enabled (32-bit)
 Heap Region Size: 1M
 Heap Min Capacity: 8M
 Heap Initial Capacity: 256M
 Heap Max Capacity: 1G
 Pre-touch: Disabled
 Parallel Workers: 8
 Concurrent Workers: 2
 Concurrent Refinement Workers: 8
 Periodic GC: Disabled
Heap:
 garbage-first heap   total reserved 1048576K, committed 96256K, used 27668K [0x00000000c0000000, 0x0000000100000000)
  region size 1024K, 1 young (1024K), 0 survivors (0K)
 Metaspace       used 43150K, committed 43968K, reserved 1114112K
  class space    used 5607K, committed 5952K, reserved 1048576K
GC Heap History (20 events):
Event: 2364.331 GC heap after
{Heap after GC invocations=143 (full 134):
 garbage-first heap   total reserved 1048576K, committed 96256K, used 27668K [0x00000000c0000000, 0x0000000100000000)
  region size 1024K, 0 young (0K), 0 survivors (0K)
 Metaspace       used 43150K, committed 43968K, reserved 1114112K
  class space    used 5607K, committed 5952K, reserved 1048576K
}
Event: 2374.817 GC heap before
{Heap before GC invocations=143 (full 134):
 garbage-first heap   total reserved 1048576K, committed 96256K, used 27668K [0x00000000c0000000, 0x0000000100000000)
  region size 1024K, 1 young (1024K), 0 survivors (0K)
 Metaspace       used 43150K, committed 43968K, reserved 1114112K
  class space    used 5607K, committed 5952K, reserved 1048576K
}
Event: 2374.936 GC heap after
{Heap after GC invocations=144 (full 135):
 garbage-first heap   total reserved 1048576K, committed 96256K, used 27668K [0x00000000c0000000, 0x0000000100000000)
  region size 1024K, 0 young (0K), 0 survivors (0K)
 Metaspace       used 43150K, committed 43968K, reserved 1114112K
  class space    used 5607K, committed 5952K, reserved 1048576K
}
Event: 2385.630 GC heap before
{Heap before GC invocations=144 (full 135):
 garbage-first heap   total reserved 1048576K, committed 96256K, used 27668K [0x00000000c0000000, 0x0000000100000000)
  region size 1024K, 1 young (1024K), 0 survivors (0K)
 Metaspace       used 43150K, committed 43968K, reserved 1114112K
  class space    used 5607K, committed 5952K, reserved 1048576K
}
Event: 2385.774 GC heap after
{Heap after GC invocations=145 (full 136):
 garbage-first heap   total reserved 1048576K, committed 96256K, used 27668K [0x00000000c0000000, 0x0000000100000000)
  region size 1024K, 0 young (0K), 0 survivors (0K)
 Metaspace       used 43150K, committed 43968K, reserved 1114112K
  class space    used 5607K, committed 5952K, reserved 1048576K
}
Event: 2396.631 GC heap before
{Heap before GC invocations=145 (full 136):
 garbage-first heap   total reserved 1048576K, committed 96256K, used 27668K [0x00000000c0000000, 0x0000000100000000)
  region size 1024K, 1 young (1024K), 0 survivors (0K)
 Metaspace       used 43150K, committed 43968K, reserved 1114112K
  class space    used 5607K, committed 5952K, reserved 1048576K
}
Event: 2396.776 GC heap after
{Heap after GC invocations=146 (full 137):
 garbage-first heap   total reserved 1048576K, committed 96256K, used 27668K [0x00000000c0000000, 0x0000000100000000)
  region size 1024K, 0 young (0K), 0 survivors (0K)
 Metaspace       used 43150K, committed 43968K, reserved 1114112K
  class space    used 5607K, committed 5952K, reserved 1048576K
}
Event: 2407.752 GC heap before
{Heap before GC invocations=146 (full 137):
 garbage-first heap   total reserved 1048576K, committed 96256K, used 27668K [0x00000000c0000000, 0x0000000100000000)
  region size 1024K, 1 young (1024K), 0 survivors (0K)
 Metaspace       used 43150K, committed 43968K, reserved 1114112K
  class space    used 5607K, committed 5952K, reserved 1048576K
}
Event: 2407.919 GC heap after
{Heap after GC invocations=147 (full 138):
 garbage-first heap   total reserved 1048576K, committed 96256K, used 27668K [0x00000000c0000000, 0x0000000100000000)
  region size 1024K, 0 young (0K), 0 survivors (0K)
 Metaspace       used 43150K, committed 43968K, reserved 1114112K
  class space    used 5607K, committed 5952K, reserved 1048576K
}
Event: 2418.847 GC heap before
{Heap before GC invocations=147 (full 138):
 garbage-first heap   total reserved 1048576K, committed 96256K, used 27668K [0x00000000c0000000, 0x0000000100000000)
  region size 1024K, 1 young (1024K), 0 survivors (0K)
 Metaspace       used 43150K, committed 43968K, reserved 1114112K
  class space    used 5607K, committed 5952K, reserved 1048576K
}
Event: 2418.999 GC heap after
{Heap after GC invocations=148 (full 139):
 garbage-first heap   total reserved 1048576K, committed 96256K, used 27668K [0x00000000c0000000, 0x0000000100000000)
  region size 1024K, 0 young (0K), 0 survivors (0K)
 Metaspace       used 43150K, committed 43968K, reserved 1114112K
  class space    used 5607K, committed 5952K, reserved 1048576K
}
Event: 2429.849 GC heap before
{Heap before GC invocations=148 (full 139):
 garbage-first heap   total reserved 1048576K, committed 96256K, used 27668K [0x00000000c0000000, 0x0000000100000000)
  region size 1024K, 1 young (1024K), 0 survivors (0K)
 Metaspace       used 43150K, committed 43968K, reserved 1114112K
  class space    used 5607K, committed 5952K, reserved 1048576K
}
Event: 2429.993 GC heap after
{Heap after GC invocations=149 (full 140):
 garbage-first heap   total reserved 1048576K, committed 96256K, used 27668K [0x00000000c0000000, 0x0000000100000000)
  region size 1024K, 0 young (0K), 0 survivors (0K)
 Metaspace       used 43150K, committed 43968K, reserved 1114112K
  class space    used 5607K, committed 5952K, reserved 1048576K
}
Event: 2441.107 GC heap before
{Heap before GC invocations=149 (full 140):
 garbage-first heap   total reserved 1048576K, committed 96256K, used 27668K [0x00000000c0000000, 0x0000000100000000)
  region size 1024K, 1 young (1024K), 0 survivors (0K)
 Metaspace       used 43150K, committed 43968K, reserved 1114112K
  class space    used 5607K, committed 5952K, reserved 1048576K
}
Event: 2441.263 GC heap after
{Heap after GC invocations=150 (full 141):
 garbage-first heap   total reserved 1048576K, committed 96256K, used 27668K [0x00000000c0000000, 0x0000000100000000)
  region size 1024K, 0 young (0K), 0 survivors (0K)
 Metaspace       used 43150K, committed 43968K, reserved 1114112K
  class space    used 5607K, committed 5952K, reserved 1048576K
}
Event: 2452.140 GC heap before
{Heap before GC invocations=150 (full 141):
 garbage-first heap   total reserved 1048576K, committed 96256K, used 27668K [0x00000000c0000000, 0x0000000100000000)
  region size 1024K, 1 young (1024K), 0 survivors (0K)
 Metaspace       used 43150K, committed 43968K, reserved 1114112K
  class space    used 5607K, committed 5952K, reserved 1048576K
}
Event: 2452.283 GC heap after
{Heap after GC invocations=151 (full 142):
 garbage-first heap   total reserved 1048576K, committed 96256K, used 27668K [0x00000000c0000000, 0x0000000100000000)
  region size 1024K, 0 young (0K), 0 survivors (0K)
 Metaspace       used 43150K, committed 43968K, reserved 1114112K
  class space    used 5607K, committed 5952K, reserved 1048576K
}
Event: 2463.759 GC heap before
{Heap before GC invocations=151 (full 142):
 garbage-first heap   total reserved 1048576K, committed 96256K, used 27668K [0x00000000c0000000, 0x0000000100000000)
  region size 1024K, 1 young (1024K), 0 survivors (0K)
 Metaspace       used 43150K, committed 43968K, reserved 1114112K
  class space    used 5607K, committed 5952K, reserved 1048576K
}
Event: 2463.926 GC heap after
{Heap after GC invocations=152 (full 143):
 garbage-first heap   total reserved 1048576K, committed 96256K, used 27668K [0x00000000c0000000, 0x0000000100000000)
  region size 1024K, 0 young (0K), 0 survivors (0K)
 Metaspace       used 43150K, committed 43968K, reserved 1114112K
  class space    used 5607K, committed 5952K, reserved 1048576K
}
Event: 2474.215 GC heap before
{Heap before GC invocations=152 (full 143):
 garbage-first heap   total reserved 1048576K, committed 96256K, used 27668K [0x00000000c0000000, 0x0000000100000000)
  region size 1024K, 1 young (1024K), 0 survivors (0K)
 Metaspace       used 43150K, committed 43968K, reserved 1114112K
  class space    used 5607K, committed 5952K, reserved 1048576K
}

